The target system is: Linux-CXX -  - 
The host system is: Linux - 5.4.0-53-generic - x86_64
Compiling the C compiler identification source file "CMakeCCompilerId.c" succeeded.
Compiler: /opt/riscv/bin/riscv32-unknown-elf-gcc 
Build flags: -O0
Id flags:  

The output was:
0


Compilation of the C compiler identification source "CMakeCCompilerId.c" produced "a.out"

The C compiler identification is GNU, found in "/media/sf_Shared/aftab/sw/build/CMakeFiles/3.19.0-rc1/CompilerIdC/a.out"

Compiling the CXX compiler identification source file "CMakeCXXCompilerId.cpp" succeeded.
Compiler: /opt/riscv/bin/riscv32-unknown-elf-c++ 
Build flags: 
Id flags:  

The output was:
0


Compilation of the CXX compiler identification source "CMakeCXXCompilerId.cpp" produced "a.out"

The CXX compiler identification is GNU, found in "/media/sf_Shared/aftab/sw/build/CMakeFiles/3.19.0-rc1/CompilerIdCXX/a.out"

Checking whether the ASM compiler is GNU using "--version" matched "(GNU assembler)|(GCC)|(Free Software Foundation)":
riscv32-unknown-elf-gcc (GCC) 10.2.0
Copyright (C) 2020 Free Software Foundation, Inc.
This is free software; see the source for copying conditions.  There is NO
warranty; not even for MERCHANTABILITY or FITNESS FOR A PARTICULAR PURPOSE.

Detecting C compiler ABI info compiled with the following output:
Change Dir: /media/sf_Shared/aftab/sw/build/CMakeFiles/CMakeTmp

Run Build Command(s):/usr/bin/make cmTC_464bd/fast && /usr/bin/make  -f CMakeFiles/cmTC_464bd.dir/build.make CMakeFiles/cmTC_464bd.dir/build
make[1]: Entering directory '/media/sf_Shared/aftab/sw/build/CMakeFiles/CMakeTmp'
Building C object CMakeFiles/cmTC_464bd.dir/CMakeCCompilerABI.c.o
/opt/riscv/bin/riscv32-unknown-elf-gcc   -O0    -v -o CMakeFiles/cmTC_464bd.dir/CMakeCCompilerABI.c.o -c /opt/customize/cmake/share/cmake-3.19/Modules/CMakeCCompilerABI.c
Using built-in specs.
COLLECT_GCC=/opt/riscv/bin/riscv32-unknown-elf-gcc
Target: riscv32-unknown-elf
Configured with: /usr/local/RISCV/riscv-gnu-toolchain/riscv-gcc/configure --target=riscv32-unknown-elf --prefix=/opt/riscv --disable-shared --disable-threads --enable-languages=c,c++ --with-system-zlib --enable-tls --with-newlib --with-sysroot=/opt/riscv/riscv32-unknown-elf --with-native-system-header-dir=/include --disable-libmudflap --disable-libssp --disable-libquadmath --disable-libgomp --disable-nls --disable-tm-clone-registry --src=.././riscv-gcc --disable-multilib --with-abi=ilp32 --with-arch=rv32ia --with-tune=rocket 'CFLAGS_FOR_TARGET=-Os   -mcmodel=medlow' 'CXXFLAGS_FOR_TARGET=-Os   -mcmodel=medlow'
Thread model: single
Supported LTO compression algorithms: zlib
gcc version 10.2.0 (GCC) 
COLLECT_GCC_OPTIONS='-O0' '-v' '-o' 'CMakeFiles/cmTC_464bd.dir/CMakeCCompilerABI.c.o' '-c' '-mtune=rocket' '-march=rv32ia' '-mabi=ilp32' '-march=rv32ia'
 /opt/riscv/libexec/gcc/riscv32-unknown-elf/10.2.0/cc1 -quiet -v /opt/customize/cmake/share/cmake-3.19/Modules/CMakeCCompilerABI.c -quiet -dumpbase CMakeCCompilerABI.c -mtune=rocket -march=rv32ia -mabi=ilp32 -march=rv32ia -auxbase-strip CMakeFiles/cmTC_464bd.dir/CMakeCCompilerABI.c.o -O0 -version -o /tmp/ccUawlPw.s
GNU C17 (GCC) version 10.2.0 (riscv32-unknown-elf)
	compiled by GNU C version 7.5.0, GMP version 6.1.2, MPFR version 4.0.1, MPC version 1.1.0, isl version none
GGC heuristics: --param ggc-min-expand=100 --param ggc-min-heapsize=131072
ignoring nonexistent directory "/opt/riscv/riscv32-unknown-elf/usr/local/include"
ignoring duplicate directory "/opt/riscv/riscv32-unknown-elf/include"
#include "..." search starts here:
#include <...> search starts here:
 /opt/riscv/lib/gcc/riscv32-unknown-elf/10.2.0/include
 /opt/riscv/lib/gcc/riscv32-unknown-elf/10.2.0/include-fixed
 /opt/riscv/lib/gcc/riscv32-unknown-elf/10.2.0/../../../../riscv32-unknown-elf/include
End of search list.
GNU C17 (GCC) version 10.2.0 (riscv32-unknown-elf)
	compiled by GNU C version 7.5.0, GMP version 6.1.2, MPFR version 4.0.1, MPC version 1.1.0, isl version none
GGC heuristics: --param ggc-min-expand=100 --param ggc-min-heapsize=131072
Compiler executable checksum: 42ceeaa5420fe51b613f0a775d49a66b
COLLECT_GCC_OPTIONS='-O0' '-v' '-o' 'CMakeFiles/cmTC_464bd.dir/CMakeCCompilerABI.c.o' '-c' '-mtune=rocket' '-march=rv32ia' '-mabi=ilp32' '-march=rv32ia'
 /opt/riscv/lib/gcc/riscv32-unknown-elf/10.2.0/../../../../riscv32-unknown-elf/bin/as -v --traditional-format -march=rv32ia -march=rv32ia -mabi=ilp32 -o CMakeFiles/cmTC_464bd.dir/CMakeCCompilerABI.c.o /tmp/ccUawlPw.s
GNU assembler version 2.35 (riscv32-unknown-elf) using BFD version (GNU Binutils) 2.35
COMPILER_PATH=/opt/riscv/libexec/gcc/riscv32-unknown-elf/10.2.0/:/opt/riscv/libexec/gcc/riscv32-unknown-elf/10.2.0/:/opt/riscv/libexec/gcc/riscv32-unknown-elf/:/opt/riscv/lib/gcc/riscv32-unknown-elf/10.2.0/:/opt/riscv/lib/gcc/riscv32-unknown-elf/:/opt/riscv/lib/gcc/riscv32-unknown-elf/10.2.0/../../../../riscv32-unknown-elf/bin/
LIBRARY_PATH=/opt/riscv/lib/gcc/riscv32-unknown-elf/10.2.0/:/opt/riscv/lib/gcc/riscv32-unknown-elf/10.2.0/../../../../riscv32-unknown-elf/lib/:/opt/riscv/riscv32-unknown-elf/lib/
COLLECT_GCC_OPTIONS='-O0' '-v' '-o' 'CMakeFiles/cmTC_464bd.dir/CMakeCCompilerABI.c.o' '-c' '-mtune=rocket' '-march=rv32ia' '-mabi=ilp32' '-march=rv32ia'
Linking C executable cmTC_464bd
/opt/customize/cmake/bin/cmake -E cmake_link_script CMakeFiles/cmTC_464bd.dir/link.txt --verbose=1
/opt/riscv/bin/riscv32-unknown-elf-gcc -O0   -v CMakeFiles/cmTC_464bd.dir/CMakeCCompilerABI.c.o -o cmTC_464bd 
Using built-in specs.
COLLECT_GCC=/opt/riscv/bin/riscv32-unknown-elf-gcc
COLLECT_LTO_WRAPPER=/opt/riscv/libexec/gcc/riscv32-unknown-elf/10.2.0/lto-wrapper
Target: riscv32-unknown-elf
Configured with: /usr/local/RISCV/riscv-gnu-toolchain/riscv-gcc/configure --target=riscv32-unknown-elf --prefix=/opt/riscv --disable-shared --disable-threads --enable-languages=c,c++ --with-system-zlib --enable-tls --with-newlib --with-sysroot=/opt/riscv/riscv32-unknown-elf --with-native-system-header-dir=/include --disable-libmudflap --disable-libssp --disable-libquadmath --disable-libgomp --disable-nls --disable-tm-clone-registry --src=.././riscv-gcc --disable-multilib --with-abi=ilp32 --with-arch=rv32ia --with-tune=rocket 'CFLAGS_FOR_TARGET=-Os   -mcmodel=medlow' 'CXXFLAGS_FOR_TARGET=-Os   -mcmodel=medlow'
Thread model: single
Supported LTO compression algorithms: zlib
gcc version 10.2.0 (GCC) 
COMPILER_PATH=/opt/riscv/libexec/gcc/riscv32-unknown-elf/10.2.0/:/opt/riscv/libexec/gcc/riscv32-unknown-elf/10.2.0/:/opt/riscv/libexec/gcc/riscv32-unknown-elf/:/opt/riscv/lib/gcc/riscv32-unknown-elf/10.2.0/:/opt/riscv/lib/gcc/riscv32-unknown-elf/:/opt/riscv/lib/gcc/riscv32-unknown-elf/10.2.0/../../../../riscv32-unknown-elf/bin/
LIBRARY_PATH=/opt/riscv/lib/gcc/riscv32-unknown-elf/10.2.0/:/opt/riscv/lib/gcc/riscv32-unknown-elf/10.2.0/../../../../riscv32-unknown-elf/lib/:/opt/riscv/riscv32-unknown-elf/lib/
COLLECT_GCC_OPTIONS='-O0' '-v' '-o' 'cmTC_464bd' '-mtune=rocket' '-march=rv32ia' '-mabi=ilp32' '-march=rv32ia'
 /opt/riscv/libexec/gcc/riscv32-unknown-elf/10.2.0/collect2 -plugin /opt/riscv/libexec/gcc/riscv32-unknown-elf/10.2.0/liblto_plugin.so -plugin-opt=/opt/riscv/libexec/gcc/riscv32-unknown-elf/10.2.0/lto-wrapper -plugin-opt=-fresolution=/tmp/ccNzpvHz.res -plugin-opt=-pass-through=-lgcc -plugin-opt=-pass-through=-lc -plugin-opt=-pass-through=-lgloss -plugin-opt=-pass-through=-lgcc --sysroot=/opt/riscv/riscv32-unknown-elf -melf32lriscv -o cmTC_464bd /opt/riscv/lib/gcc/riscv32-unknown-elf/10.2.0/../../../../riscv32-unknown-elf/lib/crt0.o /opt/riscv/lib/gcc/riscv32-unknown-elf/10.2.0/crtbegin.o -L/opt/riscv/lib/gcc/riscv32-unknown-elf/10.2.0 -L/opt/riscv/lib/gcc/riscv32-unknown-elf/10.2.0/../../../../riscv32-unknown-elf/lib -L/opt/riscv/riscv32-unknown-elf/lib CMakeFiles/cmTC_464bd.dir/CMakeCCompilerABI.c.o -lgcc --start-group -lc -lgloss --end-group -lgcc /opt/riscv/lib/gcc/riscv32-unknown-elf/10.2.0/crtend.o
COLLECT_GCC_OPTIONS='-O0' '-v' '-o' 'cmTC_464bd' '-mtune=rocket' '-march=rv32ia' '-mabi=ilp32' '-march=rv32ia'
make[1]: Leaving directory '/media/sf_Shared/aftab/sw/build/CMakeFiles/CMakeTmp'



Parsed C implicit include dir info from above output: rv=done
  found start of include info
  found start of implicit include info
    add: [/opt/riscv/lib/gcc/riscv32-unknown-elf/10.2.0/include]
    add: [/opt/riscv/lib/gcc/riscv32-unknown-elf/10.2.0/include-fixed]
    add: [/opt/riscv/lib/gcc/riscv32-unknown-elf/10.2.0/../../../../riscv32-unknown-elf/include]
  end of search list found
  collapse include dir [/opt/riscv/lib/gcc/riscv32-unknown-elf/10.2.0/include] ==> [/opt/riscv/lib/gcc/riscv32-unknown-elf/10.2.0/include]
  collapse include dir [/opt/riscv/lib/gcc/riscv32-unknown-elf/10.2.0/include-fixed] ==> [/opt/riscv/lib/gcc/riscv32-unknown-elf/10.2.0/include-fixed]
  collapse include dir [/opt/riscv/lib/gcc/riscv32-unknown-elf/10.2.0/../../../../riscv32-unknown-elf/include] ==> [/opt/riscv/riscv32-unknown-elf/include]
  implicit include dirs: [/opt/riscv/lib/gcc/riscv32-unknown-elf/10.2.0/include;/opt/riscv/lib/gcc/riscv32-unknown-elf/10.2.0/include-fixed;/opt/riscv/riscv32-unknown-elf/include]


Parsed C implicit link information from above output:
  link line regex: [^( *|.*[/\])(riscv32-unknown-elf-ld|CMAKE_LINK_STARTFILE-NOTFOUND|([^/\]+-)?ld|collect2)[^/\]*( |$)]
  ignore line: [Change Dir: /media/sf_Shared/aftab/sw/build/CMakeFiles/CMakeTmp]
  ignore line: []
  ignore line: [Run Build Command(s):/usr/bin/make cmTC_464bd/fast && /usr/bin/make  -f CMakeFiles/cmTC_464bd.dir/build.make CMakeFiles/cmTC_464bd.dir/build]
  ignore line: [make[1]: Entering directory '/media/sf_Shared/aftab/sw/build/CMakeFiles/CMakeTmp']
  ignore line: [Building C object CMakeFiles/cmTC_464bd.dir/CMakeCCompilerABI.c.o]
  ignore line: [/opt/riscv/bin/riscv32-unknown-elf-gcc   -O0    -v -o CMakeFiles/cmTC_464bd.dir/CMakeCCompilerABI.c.o -c /opt/customize/cmake/share/cmake-3.19/Modules/CMakeCCompilerABI.c]
  ignore line: [Using built-in specs.]
  ignore line: [COLLECT_GCC=/opt/riscv/bin/riscv32-unknown-elf-gcc]
  ignore line: [Target: riscv32-unknown-elf]
  ignore line: [Configured with: /usr/local/RISCV/riscv-gnu-toolchain/riscv-gcc/configure --target=riscv32-unknown-elf --prefix=/opt/riscv --disable-shared --disable-threads --enable-languages=c c++ --with-system-zlib --enable-tls --with-newlib --with-sysroot=/opt/riscv/riscv32-unknown-elf --with-native-system-header-dir=/include --disable-libmudflap --disable-libssp --disable-libquadmath --disable-libgomp --disable-nls --disable-tm-clone-registry --src=.././riscv-gcc --disable-multilib --with-abi=ilp32 --with-arch=rv32ia --with-tune=rocket 'CFLAGS_FOR_TARGET=-Os   -mcmodel=medlow' 'CXXFLAGS_FOR_TARGET=-Os   -mcmodel=medlow']
  ignore line: [Thread model: single]
  ignore line: [Supported LTO compression algorithms: zlib]
  ignore line: [gcc version 10.2.0 (GCC) ]
  ignore line: [COLLECT_GCC_OPTIONS='-O0' '-v' '-o' 'CMakeFiles/cmTC_464bd.dir/CMakeCCompilerABI.c.o' '-c' '-mtune=rocket' '-march=rv32ia' '-mabi=ilp32' '-march=rv32ia']
  ignore line: [ /opt/riscv/libexec/gcc/riscv32-unknown-elf/10.2.0/cc1 -quiet -v /opt/customize/cmake/share/cmake-3.19/Modules/CMakeCCompilerABI.c -quiet -dumpbase CMakeCCompilerABI.c -mtune=rocket -march=rv32ia -mabi=ilp32 -march=rv32ia -auxbase-strip CMakeFiles/cmTC_464bd.dir/CMakeCCompilerABI.c.o -O0 -version -o /tmp/ccUawlPw.s]
  ignore line: [GNU C17 (GCC) version 10.2.0 (riscv32-unknown-elf)]
  ignore line: [	compiled by GNU C version 7.5.0  GMP version 6.1.2  MPFR version 4.0.1  MPC version 1.1.0  isl version none]
  ignore line: [GGC heuristics: --param ggc-min-expand=100 --param ggc-min-heapsize=131072]
  ignore line: [ignoring nonexistent directory "/opt/riscv/riscv32-unknown-elf/usr/local/include"]
  ignore line: [ignoring duplicate directory "/opt/riscv/riscv32-unknown-elf/include"]
  ignore line: [#include "..." search starts here:]
  ignore line: [#include <...> search starts here:]
  ignore line: [ /opt/riscv/lib/gcc/riscv32-unknown-elf/10.2.0/include]
  ignore line: [ /opt/riscv/lib/gcc/riscv32-unknown-elf/10.2.0/include-fixed]
  ignore line: [ /opt/riscv/lib/gcc/riscv32-unknown-elf/10.2.0/../../../../riscv32-unknown-elf/include]
  ignore line: [End of search list.]
  ignore line: [GNU C17 (GCC) version 10.2.0 (riscv32-unknown-elf)]
  ignore line: [	compiled by GNU C version 7.5.0  GMP version 6.1.2  MPFR version 4.0.1  MPC version 1.1.0  isl version none]
  ignore line: [GGC heuristics: --param ggc-min-expand=100 --param ggc-min-heapsize=131072]
  ignore line: [Compiler executable checksum: 42ceeaa5420fe51b613f0a775d49a66b]
  ignore line: [COLLECT_GCC_OPTIONS='-O0' '-v' '-o' 'CMakeFiles/cmTC_464bd.dir/CMakeCCompilerABI.c.o' '-c' '-mtune=rocket' '-march=rv32ia' '-mabi=ilp32' '-march=rv32ia']
  ignore line: [ /opt/riscv/lib/gcc/riscv32-unknown-elf/10.2.0/../../../../riscv32-unknown-elf/bin/as -v --traditional-format -march=rv32ia -march=rv32ia -mabi=ilp32 -o CMakeFiles/cmTC_464bd.dir/CMakeCCompilerABI.c.o /tmp/ccUawlPw.s]
  ignore line: [GNU assembler version 2.35 (riscv32-unknown-elf) using BFD version (GNU Binutils) 2.35]
  ignore line: [COMPILER_PATH=/opt/riscv/libexec/gcc/riscv32-unknown-elf/10.2.0/:/opt/riscv/libexec/gcc/riscv32-unknown-elf/10.2.0/:/opt/riscv/libexec/gcc/riscv32-unknown-elf/:/opt/riscv/lib/gcc/riscv32-unknown-elf/10.2.0/:/opt/riscv/lib/gcc/riscv32-unknown-elf/:/opt/riscv/lib/gcc/riscv32-unknown-elf/10.2.0/../../../../riscv32-unknown-elf/bin/]
  ignore line: [LIBRARY_PATH=/opt/riscv/lib/gcc/riscv32-unknown-elf/10.2.0/:/opt/riscv/lib/gcc/riscv32-unknown-elf/10.2.0/../../../../riscv32-unknown-elf/lib/:/opt/riscv/riscv32-unknown-elf/lib/]
  ignore line: [COLLECT_GCC_OPTIONS='-O0' '-v' '-o' 'CMakeFiles/cmTC_464bd.dir/CMakeCCompilerABI.c.o' '-c' '-mtune=rocket' '-march=rv32ia' '-mabi=ilp32' '-march=rv32ia']
  ignore line: [Linking C executable cmTC_464bd]
  ignore line: [/opt/customize/cmake/bin/cmake -E cmake_link_script CMakeFiles/cmTC_464bd.dir/link.txt --verbose=1]
  ignore line: [/opt/riscv/bin/riscv32-unknown-elf-gcc -O0   -v CMakeFiles/cmTC_464bd.dir/CMakeCCompilerABI.c.o -o cmTC_464bd ]
  ignore line: [Using built-in specs.]
  ignore line: [COLLECT_GCC=/opt/riscv/bin/riscv32-unknown-elf-gcc]
  ignore line: [COLLECT_LTO_WRAPPER=/opt/riscv/libexec/gcc/riscv32-unknown-elf/10.2.0/lto-wrapper]
  ignore line: [Target: riscv32-unknown-elf]
  ignore line: [Configured with: /usr/local/RISCV/riscv-gnu-toolchain/riscv-gcc/configure --target=riscv32-unknown-elf --prefix=/opt/riscv --disable-shared --disable-threads --enable-languages=c c++ --with-system-zlib --enable-tls --with-newlib --with-sysroot=/opt/riscv/riscv32-unknown-elf --with-native-system-header-dir=/include --disable-libmudflap --disable-libssp --disable-libquadmath --disable-libgomp --disable-nls --disable-tm-clone-registry --src=.././riscv-gcc --disable-multilib --with-abi=ilp32 --with-arch=rv32ia --with-tune=rocket 'CFLAGS_FOR_TARGET=-Os   -mcmodel=medlow' 'CXXFLAGS_FOR_TARGET=-Os   -mcmodel=medlow']
  ignore line: [Thread model: single]
  ignore line: [Supported LTO compression algorithms: zlib]
  ignore line: [gcc version 10.2.0 (GCC) ]
  ignore line: [COMPILER_PATH=/opt/riscv/libexec/gcc/riscv32-unknown-elf/10.2.0/:/opt/riscv/libexec/gcc/riscv32-unknown-elf/10.2.0/:/opt/riscv/libexec/gcc/riscv32-unknown-elf/:/opt/riscv/lib/gcc/riscv32-unknown-elf/10.2.0/:/opt/riscv/lib/gcc/riscv32-unknown-elf/:/opt/riscv/lib/gcc/riscv32-unknown-elf/10.2.0/../../../../riscv32-unknown-elf/bin/]
  ignore line: [LIBRARY_PATH=/opt/riscv/lib/gcc/riscv32-unknown-elf/10.2.0/:/opt/riscv/lib/gcc/riscv32-unknown-elf/10.2.0/../../../../riscv32-unknown-elf/lib/:/opt/riscv/riscv32-unknown-elf/lib/]
  ignore line: [COLLECT_GCC_OPTIONS='-O0' '-v' '-o' 'cmTC_464bd' '-mtune=rocket' '-march=rv32ia' '-mabi=ilp32' '-march=rv32ia']
  link line: [ /opt/riscv/libexec/gcc/riscv32-unknown-elf/10.2.0/collect2 -plugin /opt/riscv/libexec/gcc/riscv32-unknown-elf/10.2.0/liblto_plugin.so -plugin-opt=/opt/riscv/libexec/gcc/riscv32-unknown-elf/10.2.0/lto-wrapper -plugin-opt=-fresolution=/tmp/ccNzpvHz.res -plugin-opt=-pass-through=-lgcc -plugin-opt=-pass-through=-lc -plugin-opt=-pass-through=-lgloss -plugin-opt=-pass-through=-lgcc --sysroot=/opt/riscv/riscv32-unknown-elf -melf32lriscv -o cmTC_464bd /opt/riscv/lib/gcc/riscv32-unknown-elf/10.2.0/../../../../riscv32-unknown-elf/lib/crt0.o /opt/riscv/lib/gcc/riscv32-unknown-elf/10.2.0/crtbegin.o -L/opt/riscv/lib/gcc/riscv32-unknown-elf/10.2.0 -L/opt/riscv/lib/gcc/riscv32-unknown-elf/10.2.0/../../../../riscv32-unknown-elf/lib -L/opt/riscv/riscv32-unknown-elf/lib CMakeFiles/cmTC_464bd.dir/CMakeCCompilerABI.c.o -lgcc --start-group -lc -lgloss --end-group -lgcc /opt/riscv/lib/gcc/riscv32-unknown-elf/10.2.0/crtend.o]
    arg [/opt/riscv/libexec/gcc/riscv32-unknown-elf/10.2.0/collect2] ==> ignore
    arg [-plugin] ==> ignore
    arg [/opt/riscv/libexec/gcc/riscv32-unknown-elf/10.2.0/liblto_plugin.so] ==> ignore
    arg [-plugin-opt=/opt/riscv/libexec/gcc/riscv32-unknown-elf/10.2.0/lto-wrapper] ==> ignore
    arg [-plugin-opt=-fresolution=/tmp/ccNzpvHz.res] ==> ignore
    arg [-plugin-opt=-pass-through=-lgcc] ==> ignore
    arg [-plugin-opt=-pass-through=-lc] ==> ignore
    arg [-plugin-opt=-pass-through=-lgloss] ==> ignore
    arg [-plugin-opt=-pass-through=-lgcc] ==> ignore
    arg [--sysroot=/opt/riscv/riscv32-unknown-elf] ==> ignore
    arg [-melf32lriscv] ==> ignore
    arg [-o] ==> ignore
    arg [cmTC_464bd] ==> ignore
    arg [/opt/riscv/lib/gcc/riscv32-unknown-elf/10.2.0/../../../../riscv32-unknown-elf/lib/crt0.o] ==> ignore
    arg [/opt/riscv/lib/gcc/riscv32-unknown-elf/10.2.0/crtbegin.o] ==> ignore
    arg [-L/opt/riscv/lib/gcc/riscv32-unknown-elf/10.2.0] ==> dir [/opt/riscv/lib/gcc/riscv32-unknown-elf/10.2.0]
    arg [-L/opt/riscv/lib/gcc/riscv32-unknown-elf/10.2.0/../../../../riscv32-unknown-elf/lib] ==> dir [/opt/riscv/lib/gcc/riscv32-unknown-elf/10.2.0/../../../../riscv32-unknown-elf/lib]
    arg [-L/opt/riscv/riscv32-unknown-elf/lib] ==> dir [/opt/riscv/riscv32-unknown-elf/lib]
    arg [CMakeFiles/cmTC_464bd.dir/CMakeCCompilerABI.c.o] ==> ignore
    arg [-lgcc] ==> lib [gcc]
    arg [--start-group] ==> ignore
    arg [-lc] ==> lib [c]
    arg [-lgloss] ==> lib [gloss]
    arg [--end-group] ==> ignore
    arg [-lgcc] ==> lib [gcc]
    arg [/opt/riscv/lib/gcc/riscv32-unknown-elf/10.2.0/crtend.o] ==> ignore
  collapse library dir [/opt/riscv/lib/gcc/riscv32-unknown-elf/10.2.0] ==> [/opt/riscv/lib/gcc/riscv32-unknown-elf/10.2.0]
  collapse library dir [/opt/riscv/lib/gcc/riscv32-unknown-elf/10.2.0/../../../../riscv32-unknown-elf/lib] ==> [/opt/riscv/riscv32-unknown-elf/lib]
  collapse library dir [/opt/riscv/riscv32-unknown-elf/lib] ==> [/opt/riscv/riscv32-unknown-elf/lib]
  implicit libs: [gcc;c;gloss;gcc]
  implicit dirs: [/opt/riscv/lib/gcc/riscv32-unknown-elf/10.2.0;/opt/riscv/riscv32-unknown-elf/lib]
  implicit fwks: []


Detecting CXX compiler ABI info compiled with the following output:
Change Dir: /media/sf_Shared/aftab/sw/build/CMakeFiles/CMakeTmp

Run Build Command(s):/usr/bin/make cmTC_5195e/fast && /usr/bin/make  -f CMakeFiles/cmTC_5195e.dir/build.make CMakeFiles/cmTC_5195e.dir/build
make[1]: Entering directory '/media/sf_Shared/aftab/sw/build/CMakeFiles/CMakeTmp'
Building CXX object CMakeFiles/cmTC_5195e.dir/CMakeCXXCompilerABI.cpp.o
/opt/riscv/bin/riscv32-unknown-elf-c++   -v -o CMakeFiles/cmTC_5195e.dir/CMakeCXXCompilerABI.cpp.o -c /opt/customize/cmake/share/cmake-3.19/Modules/CMakeCXXCompilerABI.cpp
Using built-in specs.
COLLECT_GCC=/opt/riscv/bin/riscv32-unknown-elf-c++
Target: riscv32-unknown-elf
Configured with: /usr/local/RISCV/riscv-gnu-toolchain/riscv-gcc/configure --target=riscv32-unknown-elf --prefix=/opt/riscv --disable-shared --disable-threads --enable-languages=c,c++ --with-system-zlib --enable-tls --with-newlib --with-sysroot=/opt/riscv/riscv32-unknown-elf --with-native-system-header-dir=/include --disable-libmudflap --disable-libssp --disable-libquadmath --disable-libgomp --disable-nls --disable-tm-clone-registry --src=.././riscv-gcc --disable-multilib --with-abi=ilp32 --with-arch=rv32ia --with-tune=rocket 'CFLAGS_FOR_TARGET=-Os   -mcmodel=medlow' 'CXXFLAGS_FOR_TARGET=-Os   -mcmodel=medlow'
Thread model: single
Supported LTO compression algorithms: zlib
gcc version 10.2.0 (GCC) 
COLLECT_GCC_OPTIONS='-v' '-o' 'CMakeFiles/cmTC_5195e.dir/CMakeCXXCompilerABI.cpp.o' '-c' '-mtune=rocket' '-march=rv32ia' '-mabi=ilp32' '-march=rv32ia'
 /opt/riscv/libexec/gcc/riscv32-unknown-elf/10.2.0/cc1plus -quiet -v /opt/customize/cmake/share/cmake-3.19/Modules/CMakeCXXCompilerABI.cpp -quiet -dumpbase CMakeCXXCompilerABI.cpp -mtune=rocket -march=rv32ia -mabi=ilp32 -march=rv32ia -auxbase-strip CMakeFiles/cmTC_5195e.dir/CMakeCXXCompilerABI.cpp.o -version -o /tmp/ccmfHXbH.s
GNU C++14 (GCC) version 10.2.0 (riscv32-unknown-elf)
	compiled by GNU C version 7.5.0, GMP version 6.1.2, MPFR version 4.0.1, MPC version 1.1.0, isl version none
GGC heuristics: --param ggc-min-expand=100 --param ggc-min-heapsize=131072
ignoring nonexistent directory "/opt/riscv/riscv32-unknown-elf/usr/local/include"
ignoring duplicate directory "/opt/riscv/riscv32-unknown-elf/include"
#include "..." search starts here:
#include <...> search starts here:
 /opt/riscv/lib/gcc/riscv32-unknown-elf/10.2.0/../../../../riscv32-unknown-elf/include/c++/10.2.0
 /opt/riscv/lib/gcc/riscv32-unknown-elf/10.2.0/../../../../riscv32-unknown-elf/include/c++/10.2.0/riscv32-unknown-elf
 /opt/riscv/lib/gcc/riscv32-unknown-elf/10.2.0/../../../../riscv32-unknown-elf/include/c++/10.2.0/backward
 /opt/riscv/lib/gcc/riscv32-unknown-elf/10.2.0/include
 /opt/riscv/lib/gcc/riscv32-unknown-elf/10.2.0/include-fixed
 /opt/riscv/lib/gcc/riscv32-unknown-elf/10.2.0/../../../../riscv32-unknown-elf/include
End of search list.
GNU C++14 (GCC) version 10.2.0 (riscv32-unknown-elf)
	compiled by GNU C version 7.5.0, GMP version 6.1.2, MPFR version 4.0.1, MPC version 1.1.0, isl version none
GGC heuristics: --param ggc-min-expand=100 --param ggc-min-heapsize=131072
Compiler executable checksum: db40734a7bb0c46033dafa1c159b0be2
COLLECT_GCC_OPTIONS='-v' '-o' 'CMakeFiles/cmTC_5195e.dir/CMakeCXXCompilerABI.cpp.o' '-c' '-mtune=rocket' '-march=rv32ia' '-mabi=ilp32' '-march=rv32ia'
 /opt/riscv/lib/gcc/riscv32-unknown-elf/10.2.0/../../../../riscv32-unknown-elf/bin/as -v --traditional-format -march=rv32ia -march=rv32ia -mabi=ilp32 -o CMakeFiles/cmTC_5195e.dir/CMakeCXXCompilerABI.cpp.o /tmp/ccmfHXbH.s
GNU assembler version 2.35 (riscv32-unknown-elf) using BFD version (GNU Binutils) 2.35
COMPILER_PATH=/opt/riscv/libexec/gcc/riscv32-unknown-elf/10.2.0/:/opt/riscv/libexec/gcc/riscv32-unknown-elf/10.2.0/:/opt/riscv/libexec/gcc/riscv32-unknown-elf/:/opt/riscv/lib/gcc/riscv32-unknown-elf/10.2.0/:/opt/riscv/lib/gcc/riscv32-unknown-elf/:/opt/riscv/lib/gcc/riscv32-unknown-elf/10.2.0/../../../../riscv32-unknown-elf/bin/
LIBRARY_PATH=/opt/riscv/lib/gcc/riscv32-unknown-elf/10.2.0/:/opt/riscv/lib/gcc/riscv32-unknown-elf/10.2.0/../../../../riscv32-unknown-elf/lib/:/opt/riscv/riscv32-unknown-elf/lib/
COLLECT_GCC_OPTIONS='-v' '-o' 'CMakeFiles/cmTC_5195e.dir/CMakeCXXCompilerABI.cpp.o' '-c' '-mtune=rocket' '-march=rv32ia' '-mabi=ilp32' '-march=rv32ia'
Linking CXX executable cmTC_5195e
/opt/customize/cmake/bin/cmake -E cmake_link_script CMakeFiles/cmTC_5195e.dir/link.txt --verbose=1
/opt/riscv/bin/riscv32-unknown-elf-c++  -v CMakeFiles/cmTC_5195e.dir/CMakeCXXCompilerABI.cpp.o -o cmTC_5195e 
Using built-in specs.
COLLECT_GCC=/opt/riscv/bin/riscv32-unknown-elf-c++
COLLECT_LTO_WRAPPER=/opt/riscv/libexec/gcc/riscv32-unknown-elf/10.2.0/lto-wrapper
Target: riscv32-unknown-elf
Configured with: /usr/local/RISCV/riscv-gnu-toolchain/riscv-gcc/configure --target=riscv32-unknown-elf --prefix=/opt/riscv --disable-shared --disable-threads --enable-languages=c,c++ --with-system-zlib --enable-tls --with-newlib --with-sysroot=/opt/riscv/riscv32-unknown-elf --with-native-system-header-dir=/include --disable-libmudflap --disable-libssp --disable-libquadmath --disable-libgomp --disable-nls --disable-tm-clone-registry --src=.././riscv-gcc --disable-multilib --with-abi=ilp32 --with-arch=rv32ia --with-tune=rocket 'CFLAGS_FOR_TARGET=-Os   -mcmodel=medlow' 'CXXFLAGS_FOR_TARGET=-Os   -mcmodel=medlow'
Thread model: single
Supported LTO compression algorithms: zlib
gcc version 10.2.0 (GCC) 
COMPILER_PATH=/opt/riscv/libexec/gcc/riscv32-unknown-elf/10.2.0/:/opt/riscv/libexec/gcc/riscv32-unknown-elf/10.2.0/:/opt/riscv/libexec/gcc/riscv32-unknown-elf/:/opt/riscv/lib/gcc/riscv32-unknown-elf/10.2.0/:/opt/riscv/lib/gcc/riscv32-unknown-elf/:/opt/riscv/lib/gcc/riscv32-unknown-elf/10.2.0/../../../../riscv32-unknown-elf/bin/
LIBRARY_PATH=/opt/riscv/lib/gcc/riscv32-unknown-elf/10.2.0/:/opt/riscv/lib/gcc/riscv32-unknown-elf/10.2.0/../../../../riscv32-unknown-elf/lib/:/opt/riscv/riscv32-unknown-elf/lib/
COLLECT_GCC_OPTIONS='-v' '-o' 'cmTC_5195e' '-mtune=rocket' '-march=rv32ia' '-mabi=ilp32' '-march=rv32ia'
 /opt/riscv/libexec/gcc/riscv32-unknown-elf/10.2.0/collect2 -plugin /opt/riscv/libexec/gcc/riscv32-unknown-elf/10.2.0/liblto_plugin.so -plugin-opt=/opt/riscv/libexec/gcc/riscv32-unknown-elf/10.2.0/lto-wrapper -plugin-opt=-fresolution=/tmp/cc9KNrEJ.res -plugin-opt=-pass-through=-lgcc -plugin-opt=-pass-through=-lc -plugin-opt=-pass-through=-lgloss -plugin-opt=-pass-through=-lgcc --sysroot=/opt/riscv/riscv32-unknown-elf -melf32lriscv -o cmTC_5195e /opt/riscv/lib/gcc/riscv32-unknown-elf/10.2.0/../../../../riscv32-unknown-elf/lib/crt0.o /opt/riscv/lib/gcc/riscv32-unknown-elf/10.2.0/crtbegin.o -L/opt/riscv/lib/gcc/riscv32-unknown-elf/10.2.0 -L/opt/riscv/lib/gcc/riscv32-unknown-elf/10.2.0/../../../../riscv32-unknown-elf/lib -L/opt/riscv/riscv32-unknown-elf/lib CMakeFiles/cmTC_5195e.dir/CMakeCXXCompilerABI.cpp.o -lstdc++ -lm -lgcc --start-group -lc -lgloss --end-group -lgcc /opt/riscv/lib/gcc/riscv32-unknown-elf/10.2.0/crtend.o
COLLECT_GCC_OPTIONS='-v' '-o' 'cmTC_5195e' '-mtune=rocket' '-march=rv32ia' '-mabi=ilp32' '-march=rv32ia'
make[1]: Leaving directory '/media/sf_Shared/aftab/sw/build/CMakeFiles/CMakeTmp'



Parsed CXX implicit include dir info from above output: rv=done
  found start of include info
  found start of implicit include info
    add: [/opt/riscv/lib/gcc/riscv32-unknown-elf/10.2.0/../../../../riscv32-unknown-elf/include/c++/10.2.0]
    add: [/opt/riscv/lib/gcc/riscv32-unknown-elf/10.2.0/../../../../riscv32-unknown-elf/include/c++/10.2.0/riscv32-unknown-elf]
    add: [/opt/riscv/lib/gcc/riscv32-unknown-elf/10.2.0/../../../../riscv32-unknown-elf/include/c++/10.2.0/backward]
    add: [/opt/riscv/lib/gcc/riscv32-unknown-elf/10.2.0/include]
    add: [/opt/riscv/lib/gcc/riscv32-unknown-elf/10.2.0/include-fixed]
    add: [/opt/riscv/lib/gcc/riscv32-unknown-elf/10.2.0/../../../../riscv32-unknown-elf/include]
  end of search list found
  collapse include dir [/opt/riscv/lib/gcc/riscv32-unknown-elf/10.2.0/../../../../riscv32-unknown-elf/include/c++/10.2.0] ==> [/opt/riscv/riscv32-unknown-elf/include/c++/10.2.0]
  collapse include dir [/opt/riscv/lib/gcc/riscv32-unknown-elf/10.2.0/../../../../riscv32-unknown-elf/include/c++/10.2.0/riscv32-unknown-elf] ==> [/opt/riscv/riscv32-unknown-elf/include/c++/10.2.0/riscv32-unknown-elf]
  collapse include dir [/opt/riscv/lib/gcc/riscv32-unknown-elf/10.2.0/../../../../riscv32-unknown-elf/include/c++/10.2.0/backward] ==> [/opt/riscv/riscv32-unknown-elf/include/c++/10.2.0/backward]
  collapse include dir [/opt/riscv/lib/gcc/riscv32-unknown-elf/10.2.0/include] ==> [/opt/riscv/lib/gcc/riscv32-unknown-elf/10.2.0/include]
  collapse include dir [/opt/riscv/lib/gcc/riscv32-unknown-elf/10.2.0/include-fixed] ==> [/opt/riscv/lib/gcc/riscv32-unknown-elf/10.2.0/include-fixed]
  collapse include dir [/opt/riscv/lib/gcc/riscv32-unknown-elf/10.2.0/../../../../riscv32-unknown-elf/include] ==> [/opt/riscv/riscv32-unknown-elf/include]
  implicit include dirs: [/opt/riscv/riscv32-unknown-elf/include/c++/10.2.0;/opt/riscv/riscv32-unknown-elf/include/c++/10.2.0/riscv32-unknown-elf;/opt/riscv/riscv32-unknown-elf/include/c++/10.2.0/backward;/opt/riscv/lib/gcc/riscv32-unknown-elf/10.2.0/include;/opt/riscv/lib/gcc/riscv32-unknown-elf/10.2.0/include-fixed;/opt/riscv/riscv32-unknown-elf/include]


Parsed CXX implicit link information from above output:
  link line regex: [^( *|.*[/\])(riscv32-unknown-elf-ld|CMAKE_LINK_STARTFILE-NOTFOUND|([^/\]+-)?ld|collect2)[^/\]*( |$)]
  ignore line: [Change Dir: /media/sf_Shared/aftab/sw/build/CMakeFiles/CMakeTmp]
  ignore line: []
  ignore line: [Run Build Command(s):/usr/bin/make cmTC_5195e/fast && /usr/bin/make  -f CMakeFiles/cmTC_5195e.dir/build.make CMakeFiles/cmTC_5195e.dir/build]
  ignore line: [make[1]: Entering directory '/media/sf_Shared/aftab/sw/build/CMakeFiles/CMakeTmp']
  ignore line: [Building CXX object CMakeFiles/cmTC_5195e.dir/CMakeCXXCompilerABI.cpp.o]
  ignore line: [/opt/riscv/bin/riscv32-unknown-elf-c++   -v -o CMakeFiles/cmTC_5195e.dir/CMakeCXXCompilerABI.cpp.o -c /opt/customize/cmake/share/cmake-3.19/Modules/CMakeCXXCompilerABI.cpp]
  ignore line: [Using built-in specs.]
  ignore line: [COLLECT_GCC=/opt/riscv/bin/riscv32-unknown-elf-c++]
  ignore line: [Target: riscv32-unknown-elf]
  ignore line: [Configured with: /usr/local/RISCV/riscv-gnu-toolchain/riscv-gcc/configure --target=riscv32-unknown-elf --prefix=/opt/riscv --disable-shared --disable-threads --enable-languages=c c++ --with-system-zlib --enable-tls --with-newlib --with-sysroot=/opt/riscv/riscv32-unknown-elf --with-native-system-header-dir=/include --disable-libmudflap --disable-libssp --disable-libquadmath --disable-libgomp --disable-nls --disable-tm-clone-registry --src=.././riscv-gcc --disable-multilib --with-abi=ilp32 --with-arch=rv32ia --with-tune=rocket 'CFLAGS_FOR_TARGET=-Os   -mcmodel=medlow' 'CXXFLAGS_FOR_TARGET=-Os   -mcmodel=medlow']
  ignore line: [Thread model: single]
  ignore line: [Supported LTO compression algorithms: zlib]
  ignore line: [gcc version 10.2.0 (GCC) ]
  ignore line: [COLLECT_GCC_OPTIONS='-v' '-o' 'CMakeFiles/cmTC_5195e.dir/CMakeCXXCompilerABI.cpp.o' '-c' '-mtune=rocket' '-march=rv32ia' '-mabi=ilp32' '-march=rv32ia']
  ignore line: [ /opt/riscv/libexec/gcc/riscv32-unknown-elf/10.2.0/cc1plus -quiet -v /opt/customize/cmake/share/cmake-3.19/Modules/CMakeCXXCompilerABI.cpp -quiet -dumpbase CMakeCXXCompilerABI.cpp -mtune=rocket -march=rv32ia -mabi=ilp32 -march=rv32ia -auxbase-strip CMakeFiles/cmTC_5195e.dir/CMakeCXXCompilerABI.cpp.o -version -o /tmp/ccmfHXbH.s]
  ignore line: [GNU C++14 (GCC) version 10.2.0 (riscv32-unknown-elf)]
  ignore line: [	compiled by GNU C version 7.5.0  GMP version 6.1.2  MPFR version 4.0.1  MPC version 1.1.0  isl version none]
  ignore line: [GGC heuristics: --param ggc-min-expand=100 --param ggc-min-heapsize=131072]
  ignore line: [ignoring nonexistent directory "/opt/riscv/riscv32-unknown-elf/usr/local/include"]
  ignore line: [ignoring duplicate directory "/opt/riscv/riscv32-unknown-elf/include"]
  ignore line: [#include "..." search starts here:]
  ignore line: [#include <...> search starts here:]
  ignore line: [ /opt/riscv/lib/gcc/riscv32-unknown-elf/10.2.0/../../../../riscv32-unknown-elf/include/c++/10.2.0]
  ignore line: [ /opt/riscv/lib/gcc/riscv32-unknown-elf/10.2.0/../../../../riscv32-unknown-elf/include/c++/10.2.0/riscv32-unknown-elf]
  ignore line: [ /opt/riscv/lib/gcc/riscv32-unknown-elf/10.2.0/../../../../riscv32-unknown-elf/include/c++/10.2.0/backward]
  ignore line: [ /opt/riscv/lib/gcc/riscv32-unknown-elf/10.2.0/include]
  ignore line: [ /opt/riscv/lib/gcc/riscv32-unknown-elf/10.2.0/include-fixed]
  ignore line: [ /opt/riscv/lib/gcc/riscv32-unknown-elf/10.2.0/../../../../riscv32-unknown-elf/include]
  ignore line: [End of search list.]
  ignore line: [GNU C++14 (GCC) version 10.2.0 (riscv32-unknown-elf)]
  ignore line: [	compiled by GNU C version 7.5.0  GMP version 6.1.2  MPFR version 4.0.1  MPC version 1.1.0  isl version none]
  ignore line: [GGC heuristics: --param ggc-min-expand=100 --param ggc-min-heapsize=131072]
  ignore line: [Compiler executable checksum: db40734a7bb0c46033dafa1c159b0be2]
  ignore line: [COLLECT_GCC_OPTIONS='-v' '-o' 'CMakeFiles/cmTC_5195e.dir/CMakeCXXCompilerABI.cpp.o' '-c' '-mtune=rocket' '-march=rv32ia' '-mabi=ilp32' '-march=rv32ia']
  ignore line: [ /opt/riscv/lib/gcc/riscv32-unknown-elf/10.2.0/../../../../riscv32-unknown-elf/bin/as -v --traditional-format -march=rv32ia -march=rv32ia -mabi=ilp32 -o CMakeFiles/cmTC_5195e.dir/CMakeCXXCompilerABI.cpp.o /tmp/ccmfHXbH.s]
  ignore line: [GNU assembler version 2.35 (riscv32-unknown-elf) using BFD version (GNU Binutils) 2.35]
  ignore line: [COMPILER_PATH=/opt/riscv/libexec/gcc/riscv32-unknown-elf/10.2.0/:/opt/riscv/libexec/gcc/riscv32-unknown-elf/10.2.0/:/opt/riscv/libexec/gcc/riscv32-unknown-elf/:/opt/riscv/lib/gcc/riscv32-unknown-elf/10.2.0/:/opt/riscv/lib/gcc/riscv32-unknown-elf/:/opt/riscv/lib/gcc/riscv32-unknown-elf/10.2.0/../../../../riscv32-unknown-elf/bin/]
  ignore line: [LIBRARY_PATH=/opt/riscv/lib/gcc/riscv32-unknown-elf/10.2.0/:/opt/riscv/lib/gcc/riscv32-unknown-elf/10.2.0/../../../../riscv32-unknown-elf/lib/:/opt/riscv/riscv32-unknown-elf/lib/]
  ignore line: [COLLECT_GCC_OPTIONS='-v' '-o' 'CMakeFiles/cmTC_5195e.dir/CMakeCXXCompilerABI.cpp.o' '-c' '-mtune=rocket' '-march=rv32ia' '-mabi=ilp32' '-march=rv32ia']
  ignore line: [Linking CXX executable cmTC_5195e]
  ignore line: [/opt/customize/cmake/bin/cmake -E cmake_link_script CMakeFiles/cmTC_5195e.dir/link.txt --verbose=1]
  ignore line: [/opt/riscv/bin/riscv32-unknown-elf-c++  -v CMakeFiles/cmTC_5195e.dir/CMakeCXXCompilerABI.cpp.o -o cmTC_5195e ]
  ignore line: [Using built-in specs.]
  ignore line: [COLLECT_GCC=/opt/riscv/bin/riscv32-unknown-elf-c++]
  ignore line: [COLLECT_LTO_WRAPPER=/opt/riscv/libexec/gcc/riscv32-unknown-elf/10.2.0/lto-wrapper]
  ignore line: [Target: riscv32-unknown-elf]
  ignore line: [Configured with: /usr/local/RISCV/riscv-gnu-toolchain/riscv-gcc/configure --target=riscv32-unknown-elf --prefix=/opt/riscv --disable-shared --disable-threads --enable-languages=c c++ --with-system-zlib --enable-tls --with-newlib --with-sysroot=/opt/riscv/riscv32-unknown-elf --with-native-system-header-dir=/include --disable-libmudflap --disable-libssp --disable-libquadmath --disable-libgomp --disable-nls --disable-tm-clone-registry --src=.././riscv-gcc --disable-multilib --with-abi=ilp32 --with-arch=rv32ia --with-tune=rocket 'CFLAGS_FOR_TARGET=-Os   -mcmodel=medlow' 'CXXFLAGS_FOR_TARGET=-Os   -mcmodel=medlow']
  ignore line: [Thread model: single]
  ignore line: [Supported LTO compression algorithms: zlib]
  ignore line: [gcc version 10.2.0 (GCC) ]
  ignore line: [COMPILER_PATH=/opt/riscv/libexec/gcc/riscv32-unknown-elf/10.2.0/:/opt/riscv/libexec/gcc/riscv32-unknown-elf/10.2.0/:/opt/riscv/libexec/gcc/riscv32-unknown-elf/:/opt/riscv/lib/gcc/riscv32-unknown-elf/10.2.0/:/opt/riscv/lib/gcc/riscv32-unknown-elf/:/opt/riscv/lib/gcc/riscv32-unknown-elf/10.2.0/../../../../riscv32-unknown-elf/bin/]
  ignore line: [LIBRARY_PATH=/opt/riscv/lib/gcc/riscv32-unknown-elf/10.2.0/:/opt/riscv/lib/gcc/riscv32-unknown-elf/10.2.0/../../../../riscv32-unknown-elf/lib/:/opt/riscv/riscv32-unknown-elf/lib/]
  ignore line: [COLLECT_GCC_OPTIONS='-v' '-o' 'cmTC_5195e' '-mtune=rocket' '-march=rv32ia' '-mabi=ilp32' '-march=rv32ia']
  link line: [ /opt/riscv/libexec/gcc/riscv32-unknown-elf/10.2.0/collect2 -plugin /opt/riscv/libexec/gcc/riscv32-unknown-elf/10.2.0/liblto_plugin.so -plugin-opt=/opt/riscv/libexec/gcc/riscv32-unknown-elf/10.2.0/lto-wrapper -plugin-opt=-fresolution=/tmp/cc9KNrEJ.res -plugin-opt=-pass-through=-lgcc -plugin-opt=-pass-through=-lc -plugin-opt=-pass-through=-lgloss -plugin-opt=-pass-through=-lgcc --sysroot=/opt/riscv/riscv32-unknown-elf -melf32lriscv -o cmTC_5195e /opt/riscv/lib/gcc/riscv32-unknown-elf/10.2.0/../../../../riscv32-unknown-elf/lib/crt0.o /opt/riscv/lib/gcc/riscv32-unknown-elf/10.2.0/crtbegin.o -L/opt/riscv/lib/gcc/riscv32-unknown-elf/10.2.0 -L/opt/riscv/lib/gcc/riscv32-unknown-elf/10.2.0/../../../../riscv32-unknown-elf/lib -L/opt/riscv/riscv32-unknown-elf/lib CMakeFiles/cmTC_5195e.dir/CMakeCXXCompilerABI.cpp.o -lstdc++ -lm -lgcc --start-group -lc -lgloss --end-group -lgcc /opt/riscv/lib/gcc/riscv32-unknown-elf/10.2.0/crtend.o]
    arg [/opt/riscv/libexec/gcc/riscv32-unknown-elf/10.2.0/collect2] ==> ignore
    arg [-plugin] ==> ignore
    arg [/opt/riscv/libexec/gcc/riscv32-unknown-elf/10.2.0/liblto_plugin.so] ==> ignore
    arg [-plugin-opt=/opt/riscv/libexec/gcc/riscv32-unknown-elf/10.2.0/lto-wrapper] ==> ignore
    arg [-plugin-opt=-fresolution=/tmp/cc9KNrEJ.res] ==> ignore
    arg [-plugin-opt=-pass-through=-lgcc] ==> ignore
    arg [-plugin-opt=-pass-through=-lc] ==> ignore
    arg [-plugin-opt=-pass-through=-lgloss] ==> ignore
    arg [-plugin-opt=-pass-through=-lgcc] ==> ignore
    arg [--sysroot=/opt/riscv/riscv32-unknown-elf] ==> ignore
    arg [-melf32lriscv] ==> ignore
    arg [-o] ==> ignore
    arg [cmTC_5195e] ==> ignore
    arg [/opt/riscv/lib/gcc/riscv32-unknown-elf/10.2.0/../../../../riscv32-unknown-elf/lib/crt0.o] ==> ignore
    arg [/opt/riscv/lib/gcc/riscv32-unknown-elf/10.2.0/crtbegin.o] ==> ignore
    arg [-L/opt/riscv/lib/gcc/riscv32-unknown-elf/10.2.0] ==> dir [/opt/riscv/lib/gcc/riscv32-unknown-elf/10.2.0]
    arg [-L/opt/riscv/lib/gcc/riscv32-unknown-elf/10.2.0/../../../../riscv32-unknown-elf/lib] ==> dir [/opt/riscv/lib/gcc/riscv32-unknown-elf/10.2.0/../../../../riscv32-unknown-elf/lib]
    arg [-L/opt/riscv/riscv32-unknown-elf/lib] ==> dir [/opt/riscv/riscv32-unknown-elf/lib]
    arg [CMakeFiles/cmTC_5195e.dir/CMakeCXXCompilerABI.cpp.o] ==> ignore
    arg [-lstdc++] ==> lib [stdc++]
    arg [-lm] ==> lib [m]
    arg [-lgcc] ==> lib [gcc]
    arg [--start-group] ==> ignore
    arg [-lc] ==> lib [c]
    arg [-lgloss] ==> lib [gloss]
    arg [--end-group] ==> ignore
    arg [-lgcc] ==> lib [gcc]
    arg [/opt/riscv/lib/gcc/riscv32-unknown-elf/10.2.0/crtend.o] ==> ignore
  collapse library dir [/opt/riscv/lib/gcc/riscv32-unknown-elf/10.2.0] ==> [/opt/riscv/lib/gcc/riscv32-unknown-elf/10.2.0]
  collapse library dir [/opt/riscv/lib/gcc/riscv32-unknown-elf/10.2.0/../../../../riscv32-unknown-elf/lib] ==> [/opt/riscv/riscv32-unknown-elf/lib]
  collapse library dir [/opt/riscv/riscv32-unknown-elf/lib] ==> [/opt/riscv/riscv32-unknown-elf/lib]
  implicit libs: [stdc++;m;gcc;c;gloss;gcc]
  implicit dirs: [/opt/riscv/lib/gcc/riscv32-unknown-elf/10.2.0;/opt/riscv/riscv32-unknown-elf/lib]
  implicit fwks: []


